2026-03-24 20:49:18.095  INFO 230136 --- [main] com.example.parseModule.DemoApplication  : Starting DemoApplication using Java 17.0.14 on DESKTOP-IRDIA7D with PID 230136 (D:\JavaExercise\SLYT\demo\parseModule-bootstrap\target\classes started by szh in D:\JavaExercise\SLYT\demo)
2026-03-24 20:49:18.103  INFO 230136 --- [main] com.example.parseModule.DemoApplication  : No active profile set, falling back to 1 default profile: "default"
2026-03-24 20:49:19.185  INFO 230136 --- [main] .s.d.r.c.RepositoryConfigurationDelegate : Multiple Spring Data modules found, entering strict repository configuration mode!
2026-03-24 20:49:19.187  INFO 230136 --- [main] .s.d.r.c.RepositoryConfigurationDelegate : Bootstrapping Spring Data Redis repositories in DEFAULT mode.
2026-03-24 20:49:19.213  INFO 230136 --- [main] .s.d.r.c.RepositoryConfigurationDelegate : Finished Spring Data repository scanning in 6 ms. Found 0 Redis repository interfaces.
2026-03-24 20:49:19.918  INFO 230136 --- [main] o.s.b.w.embedded.tomcat.TomcatWebServer  : Tomcat initialized with port(s): 8080 (http)
2026-03-24 20:49:19.930  INFO 230136 --- [main] o.apache.catalina.core.StandardService   : Starting service [Tomcat]
2026-03-24 20:49:19.931  INFO 230136 --- [main] org.apache.catalina.core.StandardEngine  : Starting Servlet engine: [Apache Tomcat/9.0.63]
2026-03-24 20:49:20.035  INFO 230136 --- [main] o.a.c.c.C.[Tomcat].[localhost].[/]       : Initializing Spring embedded WebApplicationContext
2026-03-24 20:49:20.037  INFO 230136 --- [main] w.s.c.ServletWebServerApplicationContext : Root WebApplicationContext: initialization completed in 1878 ms
2026-03-24 20:49:21.020  INFO 230136 --- [main] o.s.b.w.embedded.tomcat.TomcatWebServer  : Tomcat started on port(s): 8080 (http) with context path ''
2026-03-24 20:49:21.030  INFO 230136 --- [pool-2-thread-1] com.szh.parseModule.task.SampleTask      : 每5秒执行一次的任务 - 当前时间: 2026-03-24 20:49:21
2026-03-24 20:49:21.035  INFO 230136 --- [main] com.example.parseModule.DemoApplication  : Started DemoApplication in 3.412 seconds (JVM running for 4.144)
2026-03-24 20:49:26.042  INFO 230136 --- [pool-2-thread-2] com.szh.parseModule.task.SampleTask      : 每5秒执行一次的任务 - 当前时间: 2026-03-24 20:49:26
2026-03-24 20:49:31.038  INFO 230136 --- [pool-2-thread-1] com.szh.parseModule.task.SampleTask      : 每5秒执行一次的任务 - 当前时间: 2026-03-24 20:49:31
2026-03-24 20:49:36.041  INFO 230136 --- [pool-2-thread-3] com.szh.parseModule.task.SampleTask      : 每5秒执行一次的任务 - 当前时间: 2026-03-24 20:49:36
2026-03-24 20:49:41.036  INFO 230136 --- [pool-2-thread-5] com.szh.parseModule.task.SampleTask      : 每5秒执行一次的任务 - 当前时间: 2026-03-24 20:49:41
2026-03-24 20:49:46.037  INFO 230136 --- [pool-2-thread-1] com.szh.parseModule.task.SampleTask      : 每5秒执行一次的任务 - 当前时间: 2026-03-24 20:49:46
2026-03-24 20:49:51.035  INFO 230136 --- [pool-2-thread-2] com.szh.parseModule.task.SampleTask      : 每5秒执行一次的任务 - 当前时间: 2026-03-24 20:49:51
2026-03-24 20:49:56.031  INFO 230136 --- [pool-2-thread-7] com.szh.parseModule.task.SampleTask      : 每5秒执行一次的任务 - 当前时间: 2026-03-24 20:49:56
2026-03-24 20:50:00.016  INFO 230136 --- [pool-2-thread-6] com.szh.parseModule.task.SampleTask      : 每分钟执行一次的任务 - 当前时间: 2026-03-24 20:50:00
2026-03-24 20:50:01.045  INFO 230136 --- [pool-2-thread-4] com.szh.parseModule.task.SampleTask      : 每5秒执行一次的任务 - 当前时间: 2026-03-24 20:50:01
2026-03-24 20:50:07.740  INFO 227604 --- [main] com.example.parseModule.DemoApplication  : Starting DemoApplication using Java 17.0.14 on DESKTOP-IRDIA7D with PID 227604 (D:\JavaExercise\SLYT\demo\parseModule-bootstrap\target\classes started by szh in D:\JavaExercise\SLYT\demo)
2026-03-24 20:50:07.741  INFO 227604 --- [main] com.example.parseModule.DemoApplication  : No active profile set, falling back to 1 default profile: "default"
2026-03-24 20:50:08.329  INFO 227604 --- [main] .s.d.r.c.RepositoryConfigurationDelegate : Multiple Spring Data modules found, entering strict repository configuration mode!
2026-03-24 20:50:08.332  INFO 227604 --- [main] .s.d.r.c.RepositoryConfigurationDelegate : Bootstrapping Spring Data Redis repositories in DEFAULT mode.
2026-03-24 20:50:08.347  INFO 227604 --- [main] .s.d.r.c.RepositoryConfigurationDelegate : Finished Spring Data repository scanning in 4 ms. Found 0 Redis repository interfaces.
2026-03-24 20:50:08.880  INFO 227604 --- [main] o.s.b.w.embedded.tomcat.TomcatWebServer  : Tomcat initialized with port(s): 8080 (http)
2026-03-24 20:50:08.889  INFO 227604 --- [main] o.apache.catalina.core.StandardService   : Starting service [Tomcat]
2026-03-24 20:50:08.889  INFO 227604 --- [main] org.apache.catalina.core.StandardEngine  : Starting Servlet engine: [Apache Tomcat/9.0.63]
2026-03-24 20:50:08.972  INFO 227604 --- [main] o.a.c.c.C.[Tomcat].[localhost].[/]       : Initializing Spring embedded WebApplicationContext
2026-03-24 20:50:08.972  INFO 227604 --- [main] w.s.c.ServletWebServerApplicationContext : Root WebApplicationContext: initialization completed in 1186 ms
2026-03-24 20:50:09.781  INFO 227604 --- [main] o.s.b.w.embedded.tomcat.TomcatWebServer  : Tomcat started on port(s): 8080 (http) with context path ''
2026-03-24 20:50:09.790  INFO 227604 --- [pool-1-thread-1] com.szh.parseModule.task.SampleTask      : 每500秒执行一次的任务 - 当前时间: 2026-03-24 20:50:09
2026-03-24 20:50:09.793  INFO 227604 --- [main] com.example.parseModule.DemoApplication  : Started DemoApplication in 2.416 seconds (JVM running for 2.933)
